[debug] [2019-11-14T16:34:48.905Z] ----------------------------------------------------------------------
[debug] [2019-11-14T16:34:48.907Z] Command:       C:\Program Files\nodejs\node.exe C:\Users\Cabe\AppData\Roaming\npm\node_modules\firebase-tools\lib\bin\firebase.js serve
[debug] [2019-11-14T16:34:48.907Z] CLI Version:   6.8.0
[debug] [2019-11-14T16:34:48.907Z] Platform:      win32
[debug] [2019-11-14T16:34:48.907Z] Node Version:  v10.15.3
[debug] [2019-11-14T16:34:48.908Z] Time:          Thu Nov 14 2019 17:34:48 GMT+0100 (GMT+01:00)
[debug] [2019-11-14T16:34:48.908Z] ----------------------------------------------------------------------
[debug] 
[debug] [2019-11-14T16:34:48.915Z] > command requires scopes: ["email","openid","https://www.googleapis.com/auth/cloudplatformprojects.readonly","https://www.googleapis.com/auth/firebase","https://www.googleapis.com/auth/cloud-platform"]
[debug] [2019-11-14T16:34:48.916Z] > authorizing via signed-in user
[debug] [2019-11-14T16:34:48.916Z] [iam] checking project forum-app-cf14b for permissions ["firebase.projects.get"]
[debug] [2019-11-14T16:34:48.917Z] > refreshing access token with scopes: ["email","https://www.googleapis.com/auth/cloud-platform","https://www.googleapis.com/auth/cloudplatformprojects.readonly","https://www.googleapis.com/auth/firebase","openid"]
[debug] [2019-11-14T16:34:48.917Z] >>> HTTP REQUEST POST https://www.googleapis.com/oauth2/v3/token  
 <request body omitted>
[debug] [2019-11-14T16:34:49.145Z] <<< HTTP RESPONSE 200
[debug] [2019-11-14T16:34:49.164Z] >>> HTTP REQUEST POST https://cloudresourcemanager.googleapis.com/v1/projects/forum-app-cf14b:testIamPermissions  

[debug] [2019-11-14T16:34:50.058Z] <<< HTTP RESPONSE 200
[debug] [2019-11-14T16:34:50.061Z] >>> HTTP REQUEST GET https://cloudresourcemanager.googleapis.com/v1/projects/forum-app-cf14b  
 
[debug] [2019-11-14T16:34:50.878Z] <<< HTTP RESPONSE 200
[info] 
[info] === Serving from 'E:\ForumApp\forum-app'...
[info] 
[info] i  functions: Preparing to emulate functions.
[debug] [2019-11-14T16:34:51.737Z] Fetching environment
[debug] [2019-11-14T16:34:51.739Z] >>> HTTP REQUEST GET https://mobilesdk-pa.googleapis.com/v1/projects/322672924009:getServerAppConfig  
 
[debug] [2019-11-14T16:34:51.995Z] <<< HTTP RESPONSE 200
[debug] [2019-11-14T16:34:51.996Z] Starting @google-cloud/functions-emulator
[debug] [2019-11-14T16:34:53.543Z] Parsing function triggers
[info] +  functions: api: http://localhost:5000/forum-app-cf14b/us-central1/api
